<?xml version="1.0" encoding="UTF-8"?>
<testsuite xmlns:xsi="http://www.w3.org/2001/XMLSchema-instance" xsi:noNamespaceSchemaLocation="https://maven.apache.org/surefire/maven-surefire-plugin/xsd/surefire-test-report-3.0.xsd" version="3.0" name="com.increff.pos.dto.ClientDtoTest" time="4.454" tests="9" errors="0" skipped="0" failures="0">
  <properties>
    <property name="java.specification.version" value="21"/>
    <property name="sun.jnu.encoding" value="UTF-8"/>
    <property name="java.class.path" value="/Users/riteshsingh/Desktop/POS/pos/pos-server/target/test-classes:/Users/riteshsingh/Desktop/POS/pos/pos-server/target/classes:/Users/riteshsingh/Desktop/POS/pos/pos-model/target/pos-model-0.0.1-SNAPSHOT.jar:/Users/riteshsingh/.m2/repository/com/increff/invoice/client/1.0-SNAPSHOT/client-1.0-SNAPSHOT.jar:/Users/riteshsingh/.m2/repository/com/increff/invoice/model/1.0-SNAPSHOT/model-1.0-SNAPSHOT.jar:/Users/riteshsingh/.m2/repository/org/apache/commons/commons-csv/1.8/commons-csv-1.8.jar:/Users/riteshsingh/.m2/repository/org/projectlombok/lombok/1.18.30/lombok-1.18.30.jar:/Users/riteshsingh/.m2/repository/org/springframework/boot/spring-boot-starter/3.2.3/spring-boot-starter-3.2.3.jar:/Users/riteshsingh/.m2/repository/org/springframework/boot/spring-boot/3.2.3/spring-boot-3.2.3.jar:/Users/riteshsingh/.m2/repository/org/springframework/spring-context/6.1.4/spring-context-6.1.4.jar:/Users/riteshsingh/.m2/repository/org/springframework/boot/spring-boot-autoconfigure/3.2.3/spring-boot-autoconfigure-3.2.3.jar:/Users/riteshsingh/.m2/repository/org/springframework/boot/spring-boot-starter-logging/3.2.3/spring-boot-starter-logging-3.2.3.jar:/Users/riteshsingh/.m2/repository/ch/qos/logback/logback-classic/1.4.14/logback-classic-1.4.14.jar:/Users/riteshsingh/.m2/repository/ch/qos/logback/logback-core/1.4.14/logback-core-1.4.14.jar:/Users/riteshsingh/.m2/repository/org/apache/logging/log4j/log4j-to-slf4j/2.21.1/log4j-to-slf4j-2.21.1.jar:/Users/riteshsingh/.m2/repository/org/apache/logging/log4j/log4j-api/2.21.1/log4j-api-2.21.1.jar:/Users/riteshsingh/.m2/repository/org/slf4j/jul-to-slf4j/2.0.12/jul-to-slf4j-2.0.12.jar:/Users/riteshsingh/.m2/repository/jakarta/annotation/jakarta.annotation-api/2.1.1/jakarta.annotation-api-2.1.1.jar:/Users/riteshsingh/.m2/repository/org/springframework/spring-core/6.1.4/spring-core-6.1.4.jar:/Users/riteshsingh/.m2/repository/org/springframework/spring-jcl/6.1.4/spring-jcl-6.1.4.jar:/Users/riteshsingh/.m2/repository/org/yaml/snakeyaml/2.2/snakeyaml-2.2.jar:/Users/riteshsingh/.m2/repository/org/springframework/boot/spring-boot-starter-web/3.2.3/spring-boot-starter-web-3.2.3.jar:/Users/riteshsingh/.m2/repository/org/springframework/boot/spring-boot-starter-json/3.2.3/spring-boot-starter-json-3.2.3.jar:/Users/riteshsingh/.m2/repository/com/fasterxml/jackson/core/jackson-databind/2.15.4/jackson-databind-2.15.4.jar:/Users/riteshsingh/.m2/repository/com/fasterxml/jackson/core/jackson-annotations/2.15.4/jackson-annotations-2.15.4.jar:/Users/riteshsingh/.m2/repository/com/fasterxml/jackson/core/jackson-core/2.15.4/jackson-core-2.15.4.jar:/Users/riteshsingh/.m2/repository/com/fasterxml/jackson/datatype/jackson-datatype-jdk8/2.15.4/jackson-datatype-jdk8-2.15.4.jar:/Users/riteshsingh/.m2/repository/com/fasterxml/jackson/datatype/jackson-datatype-jsr310/2.15.4/jackson-datatype-jsr310-2.15.4.jar:/Users/riteshsingh/.m2/repository/com/fasterxml/jackson/module/jackson-module-parameter-names/2.15.4/jackson-module-parameter-names-2.15.4.jar:/Users/riteshsingh/.m2/repository/org/springframework/boot/spring-boot-starter-tomcat/3.2.3/spring-boot-starter-tomcat-3.2.3.jar:/Users/riteshsingh/.m2/repository/org/apache/tomcat/embed/tomcat-embed-core/10.1.19/tomcat-embed-core-10.1.19.jar:/Users/riteshsingh/.m2/repository/org/apache/tomcat/embed/tomcat-embed-el/10.1.19/tomcat-embed-el-10.1.19.jar:/Users/riteshsingh/.m2/repository/org/apache/tomcat/embed/tomcat-embed-websocket/10.1.19/tomcat-embed-websocket-10.1.19.jar:/Users/riteshsingh/.m2/repository/org/springframework/spring-web/6.1.4/spring-web-6.1.4.jar:/Users/riteshsingh/.m2/repository/org/springframework/spring-beans/6.1.4/spring-beans-6.1.4.jar:/Users/riteshsingh/.m2/repository/io/micrometer/micrometer-observation/1.12.3/micrometer-observation-1.12.3.jar:/Users/riteshsingh/.m2/repository/io/micrometer/micrometer-commons/1.12.3/micrometer-commons-1.12.3.jar:/Users/riteshsingh/.m2/repository/org/springframework/spring-webmvc/6.1.4/spring-webmvc-6.1.4.jar:/Users/riteshsingh/.m2/repository/org/springframework/spring-aop/6.1.4/spring-aop-6.1.4.jar:/Users/riteshsingh/.m2/repository/org/springframework/spring-expression/6.1.4/spring-expression-6.1.4.jar:/Users/riteshsingh/.m2/repository/junit/junit/4.13.2/junit-4.13.2.jar:/Users/riteshsingh/.m2/repository/org/hamcrest/hamcrest-core/2.2/hamcrest-core-2.2.jar:/Users/riteshsingh/.m2/repository/org/springframework/boot/spring-boot-starter-test/3.2.3/spring-boot-starter-test-3.2.3.jar:/Users/riteshsingh/.m2/repository/org/springframework/boot/spring-boot-test/3.2.3/spring-boot-test-3.2.3.jar:/Users/riteshsingh/.m2/repository/org/springframework/boot/spring-boot-test-autoconfigure/3.2.3/spring-boot-test-autoconfigure-3.2.3.jar:/Users/riteshsingh/.m2/repository/com/jayway/jsonpath/json-path/2.9.0/json-path-2.9.0.jar:/Users/riteshsingh/.m2/repository/org/slf4j/slf4j-api/2.0.12/slf4j-api-2.0.12.jar:/Users/riteshsingh/.m2/repository/jakarta/xml/bind/jakarta.xml.bind-api/4.0.1/jakarta.xml.bind-api-4.0.1.jar:/Users/riteshsingh/.m2/repository/jakarta/activation/jakarta.activation-api/2.1.2/jakarta.activation-api-2.1.2.jar:/Users/riteshsingh/.m2/repository/net/minidev/json-smart/2.5.0/json-smart-2.5.0.jar:/Users/riteshsingh/.m2/repository/net/minidev/accessors-smart/2.5.0/accessors-smart-2.5.0.jar:/Users/riteshsingh/.m2/repository/org/ow2/asm/asm/9.3/asm-9.3.jar:/Users/riteshsingh/.m2/repository/org/assertj/assertj-core/3.24.2/assertj-core-3.24.2.jar:/Users/riteshsingh/.m2/repository/net/bytebuddy/byte-buddy/1.14.12/byte-buddy-1.14.12.jar:/Users/riteshsingh/.m2/repository/org/awaitility/awaitility/4.2.0/awaitility-4.2.0.jar:/Users/riteshsingh/.m2/repository/org/hamcrest/hamcrest/2.2/hamcrest-2.2.jar:/Users/riteshsingh/.m2/repository/org/mockito/mockito-core/5.7.0/mockito-core-5.7.0.jar:/Users/riteshsingh/.m2/repository/net/bytebuddy/byte-buddy-agent/1.14.12/byte-buddy-agent-1.14.12.jar:/Users/riteshsingh/.m2/repository/org/objenesis/objenesis/3.3/objenesis-3.3.jar:/Users/riteshsingh/.m2/repository/org/mockito/mockito-junit-jupiter/5.7.0/mockito-junit-jupiter-5.7.0.jar:/Users/riteshsingh/.m2/repository/org/skyscreamer/jsonassert/1.5.1/jsonassert-1.5.1.jar:/Users/riteshsingh/.m2/repository/com/vaadin/external/google/android-json/0.0.20131108.vaadin1/android-json-0.0.20131108.vaadin1.jar:/Users/riteshsingh/.m2/repository/org/springframework/spring-test/6.1.4/spring-test-6.1.4.jar:/Users/riteshsingh/.m2/repository/org/xmlunit/xmlunit-core/2.9.1/xmlunit-core-2.9.1.jar:/Users/riteshsingh/.m2/repository/org/junit/jupiter/junit-jupiter/5.10.2/junit-jupiter-5.10.2.jar:/Users/riteshsingh/.m2/repository/org/junit/jupiter/junit-jupiter-api/5.10.2/junit-jupiter-api-5.10.2.jar:/Users/riteshsingh/.m2/repository/org/opentest4j/opentest4j/1.3.0/opentest4j-1.3.0.jar:/Users/riteshsingh/.m2/repository/org/junit/platform/junit-platform-commons/1.10.2/junit-platform-commons-1.10.2.jar:/Users/riteshsingh/.m2/repository/org/apiguardian/apiguardian-api/1.1.2/apiguardian-api-1.1.2.jar:/Users/riteshsingh/.m2/repository/org/junit/jupiter/junit-jupiter-params/5.10.2/junit-jupiter-params-5.10.2.jar:/Users/riteshsingh/.m2/repository/org/junit/jupiter/junit-jupiter-engine/5.10.2/junit-jupiter-engine-5.10.2.jar:/Users/riteshsingh/.m2/repository/org/junit/platform/junit-platform-engine/1.10.2/junit-platform-engine-1.10.2.jar:/Users/riteshsingh/.m2/repository/com/increff/model/1.0-SNAPSHOT/model-1.0-SNAPSHOT.jar:/Users/riteshsingh/.m2/repository/org/springframework/boot/spring-boot-starter-data-mongodb/3.2.3/spring-boot-starter-data-mongodb-3.2.3.jar:/Users/riteshsingh/.m2/repository/org/mongodb/mongodb-driver-sync/4.11.1/mongodb-driver-sync-4.11.1.jar:/Users/riteshsingh/.m2/repository/org/mongodb/bson/4.11.1/bson-4.11.1.jar:/Users/riteshsingh/.m2/repository/org/mongodb/mongodb-driver-core/4.11.1/mongodb-driver-core-4.11.1.jar:/Users/riteshsingh/.m2/repository/org/mongodb/bson-record-codec/4.11.1/bson-record-codec-4.11.1.jar:/Users/riteshsingh/.m2/repository/org/springframework/data/spring-data-mongodb/4.2.3/spring-data-mongodb-4.2.3.jar:/Users/riteshsingh/.m2/repository/org/springframework/spring-tx/6.1.4/spring-tx-6.1.4.jar:/Users/riteshsingh/.m2/repository/org/springframework/data/spring-data-commons/3.2.3/spring-data-commons-3.2.3.jar:/Users/riteshsingh/.m2/repository/org/springdoc/springdoc-openapi-starter-webmvc-ui/2.3.0/springdoc-openapi-starter-webmvc-ui-2.3.0.jar:/Users/riteshsingh/.m2/repository/org/springdoc/springdoc-openapi-starter-webmvc-api/2.3.0/springdoc-openapi-starter-webmvc-api-2.3.0.jar:/Users/riteshsingh/.m2/repository/org/springdoc/springdoc-openapi-starter-common/2.3.0/springdoc-openapi-starter-common-2.3.0.jar:/Users/riteshsingh/.m2/repository/io/swagger/core/v3/swagger-core-jakarta/2.2.19/swagger-core-jakarta-2.2.19.jar:/Users/riteshsingh/.m2/repository/io/swagger/core/v3/swagger-annotations-jakarta/2.2.19/swagger-annotations-jakarta-2.2.19.jar:/Users/riteshsingh/.m2/repository/io/swagger/core/v3/swagger-models-jakarta/2.2.19/swagger-models-jakarta-2.2.19.jar:/Users/riteshsingh/.m2/repository/jakarta/validation/jakarta.validation-api/3.0.2/jakarta.validation-api-3.0.2.jar:/Users/riteshsingh/.m2/repository/com/fasterxml/jackson/dataformat/jackson-dataformat-yaml/2.15.4/jackson-dataformat-yaml-2.15.4.jar:/Users/riteshsingh/.m2/repository/org/webjars/swagger-ui/5.10.3/swagger-ui-5.10.3.jar:/Users/riteshsingh/.m2/repository/de/flapdoodle/embed/de.flapdoodle.embed.mongo/4.12.2/de.flapdoodle.embed.mongo-4.12.2.jar:/Users/riteshsingh/.m2/repository/de/flapdoodle/embed/de.flapdoodle.embed.process/4.10.3/de.flapdoodle.embed.process-4.10.3.jar:/Users/riteshsingh/.m2/repository/de/flapdoodle/reverse/de.flapdoodle.reverse/1.7.2/de.flapdoodle.reverse-1.7.2.jar:/Users/riteshsingh/.m2/repository/de/flapdoodle/graph/de.flapdoodle.graph/1.3.3/de.flapdoodle.graph-1.3.3.jar:/Users/riteshsingh/.m2/repository/org/jgrapht/jgrapht-core/1.4.0/jgrapht-core-1.4.0.jar:/Users/riteshsingh/.m2/repository/org/jheaps/jheaps/0.11/jheaps-0.11.jar:/Users/riteshsingh/.m2/repository/de/flapdoodle/java8/de.flapdoodle.java8/1.4.2/de.flapdoodle.java8-1.4.2.jar:/Users/riteshsingh/.m2/repository/org/apache/commons/commons-lang3/3.13.0/commons-lang3-3.13.0.jar:/Users/riteshsingh/.m2/repository/org/apache/commons/commons-compress/1.25.0/commons-compress-1.25.0.jar:/Users/riteshsingh/.m2/repository/net/java/dev/jna/jna/5.14.0/jna-5.14.0.jar:/Users/riteshsingh/.m2/repository/net/java/dev/jna/jna-platform/5.14.0/jna-platform-5.14.0.jar:/Users/riteshsingh/.m2/repository/de/flapdoodle/de.flapdoodle.os-api/1.4.1/de.flapdoodle.os-api-1.4.1.jar:/Users/riteshsingh/.m2/repository/de/flapdoodle/embed/de.flapdoodle.embed.mongo.packageresolver/4.11.0/de.flapdoodle.embed.mongo.packageresolver-4.11.0.jar:/Users/riteshsingh/.m2/repository/de/flapdoodle/de.flapdoodle.os/1.5.3/de.flapdoodle.os-1.5.3.jar:"/>
    <property name="java.vm.vendor" value="Oracle Corporation"/>
    <property name="sun.arch.data.model" value="64"/>
    <property name="java.vendor.url" value="https://java.oracle.com/"/>
    <property name="user.timezone" value="Asia/Kolkata"/>
    <property name="os.name" value="Mac OS X"/>
    <property name="java.vm.specification.version" value="21"/>
    <property name="sun.java.launcher" value="SUN_STANDARD"/>
    <property name="user.country" value="IN"/>
    <property name="sun.boot.library.path" value="/Library/Java/JavaVirtualMachines/jdk-21.jdk/Contents/Home/lib"/>
    <property name="sun.java.command" value="/Users/riteshsingh/Desktop/POS/pos/pos-server/target/surefire/surefirebooter-20250302193107423_3.jar /Users/riteshsingh/Desktop/POS/pos/pos-server/target/surefire 2025-03-02T19-31-05_620-jvmRun1 surefire-20250302193107423_1tmp surefire_0-20250302193107423_2tmp"/>
    <property name="http.nonProxyHosts" value="local|*.local|169.254/16|*.169.254/16"/>
    <property name="jdk.debug" value="release"/>
    <property name="surefire.test.class.path" value="/Users/riteshsingh/Desktop/POS/pos/pos-server/target/test-classes:/Users/riteshsingh/Desktop/POS/pos/pos-server/target/classes:/Users/riteshsingh/Desktop/POS/pos/pos-model/target/pos-model-0.0.1-SNAPSHOT.jar:/Users/riteshsingh/.m2/repository/com/increff/invoice/client/1.0-SNAPSHOT/client-1.0-SNAPSHOT.jar:/Users/riteshsingh/.m2/repository/com/increff/invoice/model/1.0-SNAPSHOT/model-1.0-SNAPSHOT.jar:/Users/riteshsingh/.m2/repository/org/apache/commons/commons-csv/1.8/commons-csv-1.8.jar:/Users/riteshsingh/.m2/repository/org/projectlombok/lombok/1.18.30/lombok-1.18.30.jar:/Users/riteshsingh/.m2/repository/org/springframework/boot/spring-boot-starter/3.2.3/spring-boot-starter-3.2.3.jar:/Users/riteshsingh/.m2/repository/org/springframework/boot/spring-boot/3.2.3/spring-boot-3.2.3.jar:/Users/riteshsingh/.m2/repository/org/springframework/spring-context/6.1.4/spring-context-6.1.4.jar:/Users/riteshsingh/.m2/repository/org/springframework/boot/spring-boot-autoconfigure/3.2.3/spring-boot-autoconfigure-3.2.3.jar:/Users/riteshsingh/.m2/repository/org/springframework/boot/spring-boot-starter-logging/3.2.3/spring-boot-starter-logging-3.2.3.jar:/Users/riteshsingh/.m2/repository/ch/qos/logback/logback-classic/1.4.14/logback-classic-1.4.14.jar:/Users/riteshsingh/.m2/repository/ch/qos/logback/logback-core/1.4.14/logback-core-1.4.14.jar:/Users/riteshsingh/.m2/repository/org/apache/logging/log4j/log4j-to-slf4j/2.21.1/log4j-to-slf4j-2.21.1.jar:/Users/riteshsingh/.m2/repository/org/apache/logging/log4j/log4j-api/2.21.1/log4j-api-2.21.1.jar:/Users/riteshsingh/.m2/repository/org/slf4j/jul-to-slf4j/2.0.12/jul-to-slf4j-2.0.12.jar:/Users/riteshsingh/.m2/repository/jakarta/annotation/jakarta.annotation-api/2.1.1/jakarta.annotation-api-2.1.1.jar:/Users/riteshsingh/.m2/repository/org/springframework/spring-core/6.1.4/spring-core-6.1.4.jar:/Users/riteshsingh/.m2/repository/org/springframework/spring-jcl/6.1.4/spring-jcl-6.1.4.jar:/Users/riteshsingh/.m2/repository/org/yaml/snakeyaml/2.2/snakeyaml-2.2.jar:/Users/riteshsingh/.m2/repository/org/springframework/boot/spring-boot-starter-web/3.2.3/spring-boot-starter-web-3.2.3.jar:/Users/riteshsingh/.m2/repository/org/springframework/boot/spring-boot-starter-json/3.2.3/spring-boot-starter-json-3.2.3.jar:/Users/riteshsingh/.m2/repository/com/fasterxml/jackson/core/jackson-databind/2.15.4/jackson-databind-2.15.4.jar:/Users/riteshsingh/.m2/repository/com/fasterxml/jackson/core/jackson-annotations/2.15.4/jackson-annotations-2.15.4.jar:/Users/riteshsingh/.m2/repository/com/fasterxml/jackson/core/jackson-core/2.15.4/jackson-core-2.15.4.jar:/Users/riteshsingh/.m2/repository/com/fasterxml/jackson/datatype/jackson-datatype-jdk8/2.15.4/jackson-datatype-jdk8-2.15.4.jar:/Users/riteshsingh/.m2/repository/com/fasterxml/jackson/datatype/jackson-datatype-jsr310/2.15.4/jackson-datatype-jsr310-2.15.4.jar:/Users/riteshsingh/.m2/repository/com/fasterxml/jackson/module/jackson-module-parameter-names/2.15.4/jackson-module-parameter-names-2.15.4.jar:/Users/riteshsingh/.m2/repository/org/springframework/boot/spring-boot-starter-tomcat/3.2.3/spring-boot-starter-tomcat-3.2.3.jar:/Users/riteshsingh/.m2/repository/org/apache/tomcat/embed/tomcat-embed-core/10.1.19/tomcat-embed-core-10.1.19.jar:/Users/riteshsingh/.m2/repository/org/apache/tomcat/embed/tomcat-embed-el/10.1.19/tomcat-embed-el-10.1.19.jar:/Users/riteshsingh/.m2/repository/org/apache/tomcat/embed/tomcat-embed-websocket/10.1.19/tomcat-embed-websocket-10.1.19.jar:/Users/riteshsingh/.m2/repository/org/springframework/spring-web/6.1.4/spring-web-6.1.4.jar:/Users/riteshsingh/.m2/repository/org/springframework/spring-beans/6.1.4/spring-beans-6.1.4.jar:/Users/riteshsingh/.m2/repository/io/micrometer/micrometer-observation/1.12.3/micrometer-observation-1.12.3.jar:/Users/riteshsingh/.m2/repository/io/micrometer/micrometer-commons/1.12.3/micrometer-commons-1.12.3.jar:/Users/riteshsingh/.m2/repository/org/springframework/spring-webmvc/6.1.4/spring-webmvc-6.1.4.jar:/Users/riteshsingh/.m2/repository/org/springframework/spring-aop/6.1.4/spring-aop-6.1.4.jar:/Users/riteshsingh/.m2/repository/org/springframework/spring-expression/6.1.4/spring-expression-6.1.4.jar:/Users/riteshsingh/.m2/repository/junit/junit/4.13.2/junit-4.13.2.jar:/Users/riteshsingh/.m2/repository/org/hamcrest/hamcrest-core/2.2/hamcrest-core-2.2.jar:/Users/riteshsingh/.m2/repository/org/springframework/boot/spring-boot-starter-test/3.2.3/spring-boot-starter-test-3.2.3.jar:/Users/riteshsingh/.m2/repository/org/springframework/boot/spring-boot-test/3.2.3/spring-boot-test-3.2.3.jar:/Users/riteshsingh/.m2/repository/org/springframework/boot/spring-boot-test-autoconfigure/3.2.3/spring-boot-test-autoconfigure-3.2.3.jar:/Users/riteshsingh/.m2/repository/com/jayway/jsonpath/json-path/2.9.0/json-path-2.9.0.jar:/Users/riteshsingh/.m2/repository/org/slf4j/slf4j-api/2.0.12/slf4j-api-2.0.12.jar:/Users/riteshsingh/.m2/repository/jakarta/xml/bind/jakarta.xml.bind-api/4.0.1/jakarta.xml.bind-api-4.0.1.jar:/Users/riteshsingh/.m2/repository/jakarta/activation/jakarta.activation-api/2.1.2/jakarta.activation-api-2.1.2.jar:/Users/riteshsingh/.m2/repository/net/minidev/json-smart/2.5.0/json-smart-2.5.0.jar:/Users/riteshsingh/.m2/repository/net/minidev/accessors-smart/2.5.0/accessors-smart-2.5.0.jar:/Users/riteshsingh/.m2/repository/org/ow2/asm/asm/9.3/asm-9.3.jar:/Users/riteshsingh/.m2/repository/org/assertj/assertj-core/3.24.2/assertj-core-3.24.2.jar:/Users/riteshsingh/.m2/repository/net/bytebuddy/byte-buddy/1.14.12/byte-buddy-1.14.12.jar:/Users/riteshsingh/.m2/repository/org/awaitility/awaitility/4.2.0/awaitility-4.2.0.jar:/Users/riteshsingh/.m2/repository/org/hamcrest/hamcrest/2.2/hamcrest-2.2.jar:/Users/riteshsingh/.m2/repository/org/mockito/mockito-core/5.7.0/mockito-core-5.7.0.jar:/Users/riteshsingh/.m2/repository/net/bytebuddy/byte-buddy-agent/1.14.12/byte-buddy-agent-1.14.12.jar:/Users/riteshsingh/.m2/repository/org/objenesis/objenesis/3.3/objenesis-3.3.jar:/Users/riteshsingh/.m2/repository/org/mockito/mockito-junit-jupiter/5.7.0/mockito-junit-jupiter-5.7.0.jar:/Users/riteshsingh/.m2/repository/org/skyscreamer/jsonassert/1.5.1/jsonassert-1.5.1.jar:/Users/riteshsingh/.m2/repository/com/vaadin/external/google/android-json/0.0.20131108.vaadin1/android-json-0.0.20131108.vaadin1.jar:/Users/riteshsingh/.m2/repository/org/springframework/spring-test/6.1.4/spring-test-6.1.4.jar:/Users/riteshsingh/.m2/repository/org/xmlunit/xmlunit-core/2.9.1/xmlunit-core-2.9.1.jar:/Users/riteshsingh/.m2/repository/org/junit/jupiter/junit-jupiter/5.10.2/junit-jupiter-5.10.2.jar:/Users/riteshsingh/.m2/repository/org/junit/jupiter/junit-jupiter-api/5.10.2/junit-jupiter-api-5.10.2.jar:/Users/riteshsingh/.m2/repository/org/opentest4j/opentest4j/1.3.0/opentest4j-1.3.0.jar:/Users/riteshsingh/.m2/repository/org/junit/platform/junit-platform-commons/1.10.2/junit-platform-commons-1.10.2.jar:/Users/riteshsingh/.m2/repository/org/apiguardian/apiguardian-api/1.1.2/apiguardian-api-1.1.2.jar:/Users/riteshsingh/.m2/repository/org/junit/jupiter/junit-jupiter-params/5.10.2/junit-jupiter-params-5.10.2.jar:/Users/riteshsingh/.m2/repository/org/junit/jupiter/junit-jupiter-engine/5.10.2/junit-jupiter-engine-5.10.2.jar:/Users/riteshsingh/.m2/repository/org/junit/platform/junit-platform-engine/1.10.2/junit-platform-engine-1.10.2.jar:/Users/riteshsingh/.m2/repository/com/increff/model/1.0-SNAPSHOT/model-1.0-SNAPSHOT.jar:/Users/riteshsingh/.m2/repository/org/springframework/boot/spring-boot-starter-data-mongodb/3.2.3/spring-boot-starter-data-mongodb-3.2.3.jar:/Users/riteshsingh/.m2/repository/org/mongodb/mongodb-driver-sync/4.11.1/mongodb-driver-sync-4.11.1.jar:/Users/riteshsingh/.m2/repository/org/mongodb/bson/4.11.1/bson-4.11.1.jar:/Users/riteshsingh/.m2/repository/org/mongodb/mongodb-driver-core/4.11.1/mongodb-driver-core-4.11.1.jar:/Users/riteshsingh/.m2/repository/org/mongodb/bson-record-codec/4.11.1/bson-record-codec-4.11.1.jar:/Users/riteshsingh/.m2/repository/org/springframework/data/spring-data-mongodb/4.2.3/spring-data-mongodb-4.2.3.jar:/Users/riteshsingh/.m2/repository/org/springframework/spring-tx/6.1.4/spring-tx-6.1.4.jar:/Users/riteshsingh/.m2/repository/org/springframework/data/spring-data-commons/3.2.3/spring-data-commons-3.2.3.jar:/Users/riteshsingh/.m2/repository/org/springdoc/springdoc-openapi-starter-webmvc-ui/2.3.0/springdoc-openapi-starter-webmvc-ui-2.3.0.jar:/Users/riteshsingh/.m2/repository/org/springdoc/springdoc-openapi-starter-webmvc-api/2.3.0/springdoc-openapi-starter-webmvc-api-2.3.0.jar:/Users/riteshsingh/.m2/repository/org/springdoc/springdoc-openapi-starter-common/2.3.0/springdoc-openapi-starter-common-2.3.0.jar:/Users/riteshsingh/.m2/repository/io/swagger/core/v3/swagger-core-jakarta/2.2.19/swagger-core-jakarta-2.2.19.jar:/Users/riteshsingh/.m2/repository/io/swagger/core/v3/swagger-annotations-jakarta/2.2.19/swagger-annotations-jakarta-2.2.19.jar:/Users/riteshsingh/.m2/repository/io/swagger/core/v3/swagger-models-jakarta/2.2.19/swagger-models-jakarta-2.2.19.jar:/Users/riteshsingh/.m2/repository/jakarta/validation/jakarta.validation-api/3.0.2/jakarta.validation-api-3.0.2.jar:/Users/riteshsingh/.m2/repository/com/fasterxml/jackson/dataformat/jackson-dataformat-yaml/2.15.4/jackson-dataformat-yaml-2.15.4.jar:/Users/riteshsingh/.m2/repository/org/webjars/swagger-ui/5.10.3/swagger-ui-5.10.3.jar:/Users/riteshsingh/.m2/repository/de/flapdoodle/embed/de.flapdoodle.embed.mongo/4.12.2/de.flapdoodle.embed.mongo-4.12.2.jar:/Users/riteshsingh/.m2/repository/de/flapdoodle/embed/de.flapdoodle.embed.process/4.10.3/de.flapdoodle.embed.process-4.10.3.jar:/Users/riteshsingh/.m2/repository/de/flapdoodle/reverse/de.flapdoodle.reverse/1.7.2/de.flapdoodle.reverse-1.7.2.jar:/Users/riteshsingh/.m2/repository/de/flapdoodle/graph/de.flapdoodle.graph/1.3.3/de.flapdoodle.graph-1.3.3.jar:/Users/riteshsingh/.m2/repository/org/jgrapht/jgrapht-core/1.4.0/jgrapht-core-1.4.0.jar:/Users/riteshsingh/.m2/repository/org/jheaps/jheaps/0.11/jheaps-0.11.jar:/Users/riteshsingh/.m2/repository/de/flapdoodle/java8/de.flapdoodle.java8/1.4.2/de.flapdoodle.java8-1.4.2.jar:/Users/riteshsingh/.m2/repository/org/apache/commons/commons-lang3/3.13.0/commons-lang3-3.13.0.jar:/Users/riteshsingh/.m2/repository/org/apache/commons/commons-compress/1.25.0/commons-compress-1.25.0.jar:/Users/riteshsingh/.m2/repository/net/java/dev/jna/jna/5.14.0/jna-5.14.0.jar:/Users/riteshsingh/.m2/repository/net/java/dev/jna/jna-platform/5.14.0/jna-platform-5.14.0.jar:/Users/riteshsingh/.m2/repository/de/flapdoodle/de.flapdoodle.os-api/1.4.1/de.flapdoodle.os-api-1.4.1.jar:/Users/riteshsingh/.m2/repository/de/flapdoodle/embed/de.flapdoodle.embed.mongo.packageresolver/4.11.0/de.flapdoodle.embed.mongo.packageresolver-4.11.0.jar:/Users/riteshsingh/.m2/repository/de/flapdoodle/de.flapdoodle.os/1.5.3/de.flapdoodle.os-1.5.3.jar:"/>
    <property name="sun.cpu.endian" value="little"/>
    <property name="user.home" value="/Users/riteshsingh"/>
    <property name="user.language" value="en"/>
    <property name="java.specification.vendor" value="Oracle Corporation"/>
    <property name="java.version.date" value="2024-10-15"/>
    <property name="java.home" value="/Library/Java/JavaVirtualMachines/jdk-21.jdk/Contents/Home"/>
    <property name="file.separator" value="/"/>
    <property name="basedir" value="/Users/riteshsingh/Desktop/POS/pos/pos-server"/>
    <property name="java.vm.compressedOopsMode" value="Zero based"/>
    <property name="line.separator" value="&#10;"/>
    <property name="java.vm.specification.vendor" value="Oracle Corporation"/>
    <property name="java.specification.name" value="Java Platform API Specification"/>
    <property name="FILE_LOG_CHARSET" value="UTF-8"/>
    <property name="java.awt.headless" value="true"/>
    <property name="apple.awt.application.name" value="ForkedBooter"/>
    <property name="surefire.real.class.path" value="/Users/riteshsingh/Desktop/POS/pos/pos-server/target/surefire/surefirebooter-20250302193107423_3.jar"/>
    <property name="sun.management.compiler" value="HotSpot 64-Bit Tiered Compilers"/>
    <property name="ftp.nonProxyHosts" value="local|*.local|169.254/16|*.169.254/16"/>
    <property name="java.runtime.version" value="21.0.5+9-LTS-239"/>
    <property name="user.name" value="riteshsingh"/>
    <property name="stdout.encoding" value="UTF-8"/>
    <property name="path.separator" value=":"/>
    <property name="os.version" value="15.3.1"/>
    <property name="java.runtime.name" value="Java(TM) SE Runtime Environment"/>
    <property name="file.encoding" value="UTF-8"/>
    <property name="java.vm.name" value="Java HotSpot(TM) 64-Bit Server VM"/>
    <property name="localRepository" value="/Users/riteshsingh/.m2/repository"/>
    <property name="java.vendor.url.bug" value="https://bugreport.java.com/bugreport/"/>
    <property name="java.io.tmpdir" value="/var/folders/n3/3rkq792j7txf2ws1c_qc81580000gp/T/"/>
    <property name="idea.version" value="2024.3.3"/>
    <property name="java.version" value="21.0.5"/>
    <property name="user.dir" value="/Users/riteshsingh/Desktop/POS/pos/pos-server"/>
    <property name="os.arch" value="aarch64"/>
    <property name="java.vm.specification.name" value="Java Virtual Machine Specification"/>
    <property name="PID" value="49156"/>
    <property name="CONSOLE_LOG_CHARSET" value="UTF-8"/>
    <property name="native.encoding" value="UTF-8"/>
    <property name="java.library.path" value="/Users/riteshsingh/Library/Java/Extensions:/Library/Java/Extensions:/Network/Library/Java/Extensions:/System/Library/Java/Extensions:/usr/lib/java:."/>
    <property name="java.vm.info" value="mixed mode, sharing"/>
    <property name="stderr.encoding" value="UTF-8"/>
    <property name="java.vendor" value="Oracle Corporation"/>
    <property name="java.vm.version" value="21.0.5+9-LTS-239"/>
    <property name="sun.io.unicode.encoding" value="UnicodeBig"/>
    <property name="socksNonProxyHosts" value="local|*.local|169.254/16|*.169.254/16"/>
    <property name="java.class.version" value="65.0"/>
    <property name="LOGGED_APPLICATION_NAME" value="[POS] "/>
  </properties>
  <testcase name="testGetAllWithoutPagination" classname="com.increff.pos.dto.ClientDtoTest" time="0.305">
    <system-out><![CDATA[
  .   ____          _            __ _ _
 /\\ / ___'_ __ _ _(_)_ __  __ _ \ \ \ \
( ( )\___ | '_ | '_| | '_ \/ _` | \ \ \ \
 \\/  ___)| |_)| | | | | || (_| |  ) ) ) )
  '  |____| .__|_| |_|_| |_\__, | / / / /
 =========|_|==============|___/=/_/_/_/
 :: Spring Boot ::                (v3.2.3)

2025-03-02T19:31:08.628+05:30  INFO 49156 --- [POS] [           main] com.increff.pos.dto.ClientDtoTest        : Starting ClientDtoTest using Java 21.0.5 with PID 49156 (started by riteshsingh in /Users/riteshsingh/Desktop/POS/pos/pos-server)
2025-03-02T19:31:08.629+05:30  INFO 49156 --- [POS] [           main] com.increff.pos.dto.ClientDtoTest        : The following 1 profile is active: "test"
2025-03-02T19:31:09.055+05:30  INFO 49156 --- [POS] [           main] .s.d.r.c.RepositoryConfigurationDelegate : Bootstrapping Spring Data MongoDB repositories in DEFAULT mode.
2025-03-02T19:31:09.063+05:30  INFO 49156 --- [POS] [           main] .s.d.r.c.RepositoryConfigurationDelegate : Finished Spring Data repository scanning in 3 ms. Found 0 MongoDB repository interfaces.
2025-03-02T19:31:10.676+05:30  INFO 49156 --- [POS] [aat.mongodb.net] org.mongodb.driver.cluster               : Adding discovered server cluster0-shard-00-01.t1aat.mongodb.net:27017 to client view of cluster
2025-03-02T19:31:10.676+05:30  INFO 49156 --- [POS] [           main] org.mongodb.driver.client                : MongoClient with metadata {"driver": {"name": "mongo-java-driver|sync|spring-boot", "version": "4.11.1"}, "os": {"type": "Darwin", "name": "Mac OS X", "architecture": "aarch64", "version": "15.3.1"}, "platform": "Java/Oracle Corporation/21.0.5+9-LTS-239"} created with settings MongoClientSettings{readPreference=primary, writeConcern=WriteConcern{w=null, wTimeout=null ms, journal=null}, retryWrites=true, retryReads=true, readConcern=ReadConcern{level=null}, credential=MongoCredential{mechanism=null, userName='ritesh', source='admin', password=<hidden>, mechanismProperties=<hidden>}, transportSettings=null, streamFactoryFactory=null, commandListeners=[], codecRegistry=ProvidersCodecRegistry{codecProviders=[ValueCodecProvider{}, BsonValueCodecProvider{}, DBRefCodecProvider{}, DBObjectCodecProvider{}, DocumentCodecProvider{}, CollectionCodecProvider{}, IterableCodecProvider{}, MapCodecProvider{}, GeoJsonCodecProvider{}, GridFSFileCodecProvider{}, Jsr310CodecProvider{}, JsonObjectCodecProvider{}, BsonCodecProvider{}, EnumCodecProvider{}, com.mongodb.client.model.mql.ExpressionCodecProvider@27b89e0a, com.mongodb.Jep395RecordCodecProvider@42bb0492, com.mongodb.KotlinCodecProvider@6eed5b68]}, loggerSettings=LoggerSettings{maxDocumentLength=1000}, clusterSettings={hosts=[127.0.0.1:27017], srvHost=cluster0.t1aat.mongodb.net, srvServiceName=mongodb, mode=MULTIPLE, requiredClusterType=REPLICA_SET, requiredReplicaSetName='atlas-7udkyg-shard-0', serverSelector='null', clusterListeners='[]', serverSelectionTimeout='30000 ms', localThreshold='15 ms'}, socketSettings=SocketSettings{connectTimeoutMS=10000, readTimeoutMS=0, receiveBufferSize=0, proxySettings=ProxySettings{host=null, port=null, username=null, password=null}}, heartbeatSocketSettings=SocketSettings{connectTimeoutMS=10000, readTimeoutMS=10000, receiveBufferSize=0, proxySettings=ProxySettings{host=null, port=null, username=null, password=null}}, connectionPoolSettings=ConnectionPoolSettings{maxSize=100, minSize=0, maxWaitTimeMS=120000, maxConnectionLifeTimeMS=0, maxConnectionIdleTimeMS=0, maintenanceInitialDelayMS=0, maintenanceFrequencyMS=60000, connectionPoolListeners=[], maxConnecting=2}, serverSettings=ServerSettings{heartbeatFrequencyMS=10000, minHeartbeatFrequencyMS=500, serverListeners='[]', serverMonitorListeners='[]'}, sslSettings=SslSettings{enabled=true, invalidHostNameAllowed=false, context=null}, applicationName='null', compressorList=[], uuidRepresentation=JAVA_LEGACY, serverApi=null, autoEncryptionSettings=null, dnsClient=null, inetAddressResolver=null, contextProvider=null}
2025-03-02T19:31:10.717+05:30  INFO 49156 --- [POS] [aat.mongodb.net] org.mongodb.driver.cluster               : Adding discovered server cluster0-shard-00-00.t1aat.mongodb.net:27017 to client view of cluster
2025-03-02T19:31:10.719+05:30  INFO 49156 --- [POS] [aat.mongodb.net] org.mongodb.driver.cluster               : Adding discovered server cluster0-shard-00-02.t1aat.mongodb.net:27017 to client view of cluster
2025-03-02T19:31:11.171+05:30  INFO 49156 --- [POS] [ngodb.net:27017] org.mongodb.driver.cluster               : Monitor thread successfully connected to server with description ServerDescription{address=cluster0-shard-00-01.t1aat.mongodb.net:27017, type=REPLICA_SET_SECONDARY, state=CONNECTED, ok=true, minWireVersion=0, maxWireVersion=25, maxDocumentSize=16777216, logicalSessionTimeoutMinutes=30, roundTripTimeNanos=238869083, setName='atlas-7udkyg-shard-0', canonicalAddress=cluster0-shard-00-01.t1aat.mongodb.net:27017, hosts=[cluster0-shard-00-00.t1aat.mongodb.net:27017, cluster0-shard-00-01.t1aat.mongodb.net:27017, cluster0-shard-00-02.t1aat.mongodb.net:27017], passives=[], arbiters=[], primary='cluster0-shard-00-02.t1aat.mongodb.net:27017', tagSet=TagSet{[Tag{name='availabilityZone', value='aps1-az3'}, Tag{name='diskState', value='READY'}, Tag{name='nodeType', value='ELECTABLE'}, Tag{name='provider', value='AWS'}, Tag{name='region', value='AP_SOUTH_1'}, Tag{name='workloadType', value='OPERATIONAL'}]}, electionId=null, setVersion=183, topologyVersion=TopologyVersion{processId=67bb7d5a1be143113a559393, counter=3}, lastWriteDate=Sun Mar 02 19:31:11 IST 2025, lastUpdateTimeNanos=326151772650708}
2025-03-02T19:31:11.171+05:30  INFO 49156 --- [POS] [ngodb.net:27017] org.mongodb.driver.cluster               : Monitor thread successfully connected to server with description ServerDescription{address=cluster0-shard-00-00.t1aat.mongodb.net:27017, type=REPLICA_SET_SECONDARY, state=CONNECTED, ok=true, minWireVersion=0, maxWireVersion=25, maxDocumentSize=16777216, logicalSessionTimeoutMinutes=30, roundTripTimeNanos=259853125, setName='atlas-7udkyg-shard-0', canonicalAddress=cluster0-shard-00-00.t1aat.mongodb.net:27017, hosts=[cluster0-shard-00-00.t1aat.mongodb.net:27017, cluster0-shard-00-01.t1aat.mongodb.net:27017, cluster0-shard-00-02.t1aat.mongodb.net:27017], passives=[], arbiters=[], primary='cluster0-shard-00-02.t1aat.mongodb.net:27017', tagSet=TagSet{[Tag{name='availabilityZone', value='aps1-az1'}, Tag{name='diskState', value='READY'}, Tag{name='nodeType', value='ELECTABLE'}, Tag{name='provider', value='AWS'}, Tag{name='region', value='AP_SOUTH_1'}, Tag{name='workloadType', value='OPERATIONAL'}]}, electionId=null, setVersion=183, topologyVersion=TopologyVersion{processId=67bb7c2bb40578e227f3d138, counter=4}, lastWriteDate=Sun Mar 02 19:31:11 IST 2025, lastUpdateTimeNanos=326151772787166}
2025-03-02T19:31:11.171+05:30  INFO 49156 --- [POS] [ngodb.net:27017] org.mongodb.driver.cluster               : Monitor thread successfully connected to server with description ServerDescription{address=cluster0-shard-00-02.t1aat.mongodb.net:27017, type=REPLICA_SET_PRIMARY, state=CONNECTED, ok=true, minWireVersion=0, maxWireVersion=25, maxDocumentSize=16777216, logicalSessionTimeoutMinutes=30, roundTripTimeNanos=178137542, setName='atlas-7udkyg-shard-0', canonicalAddress=cluster0-shard-00-02.t1aat.mongodb.net:27017, hosts=[cluster0-shard-00-00.t1aat.mongodb.net:27017, cluster0-shard-00-01.t1aat.mongodb.net:27017, cluster0-shard-00-02.t1aat.mongodb.net:27017], passives=[], arbiters=[], primary='cluster0-shard-00-02.t1aat.mongodb.net:27017', tagSet=TagSet{[Tag{name='availabilityZone', value='aps1-az2'}, Tag{name='diskState', value='READY'}, Tag{name='nodeType', value='ELECTABLE'}, Tag{name='provider', value='AWS'}, Tag{name='region', value='AP_SOUTH_1'}, Tag{name='workloadType', value='OPERATIONAL'}]}, electionId=7fffffff0000000000000228, setVersion=183, topologyVersion=TopologyVersion{processId=67bb742a85f772526581622f, counter=6}, lastWriteDate=Sun Mar 02 19:31:11 IST 2025, lastUpdateTimeNanos=326151772747291}
2025-03-02T19:31:11.177+05:30  INFO 49156 --- [POS] [ngodb.net:27017] org.mongodb.driver.cluster               : Discovered replica set primary cluster0-shard-00-02.t1aat.mongodb.net:27017 with max election id 7fffffff0000000000000228 and max set version 183
2025-03-02T19:31:11.884+05:30  INFO 49156 --- [POS] [           main] com.increff.pos.dto.ClientDtoTest        : Started ClientDtoTest in 3.458 seconds (process running for 4.408)
]]></system-out>
    <system-err><![CDATA[WARNING: A Java agent has been loaded dynamically (/Users/riteshsingh/.m2/repository/net/bytebuddy/byte-buddy-agent/1.14.12/byte-buddy-agent-1.14.12.jar)
WARNING: If a serviceability tool is in use, please run with -XX:+EnableDynamicAgentLoading to hide this warning
WARNING: If a serviceability tool is not in use, please run with -Djdk.instrument.traceUsage for more information
WARNING: Dynamic loading of agents will be disallowed by default in a future release
]]></system-err>
  </testcase>
  <testcase name="testGetClientNotFound" classname="com.increff.pos.dto.ClientDtoTest" time="0.044"/>
  <testcase name="testUpdateClientEmptyNewName" classname="com.increff.pos.dto.ClientDtoTest" time="0.042"/>
  <testcase name="testGetClientSuccess" classname="com.increff.pos.dto.ClientDtoTest" time="0.041"/>
  <testcase name="testAddClientEmptyName" classname="com.increff.pos.dto.ClientDtoTest" time="0.041"/>
  <testcase name="testGetAllClientWithInvalidPagination" classname="com.increff.pos.dto.ClientDtoTest" time="0.041"/>
  <testcase name="testGetAllClientWithPagination" classname="com.increff.pos.dto.ClientDtoTest" time="0.043"/>
  <testcase name="testUpdateClientNameSuccess" classname="com.increff.pos.dto.ClientDtoTest" time="0.04"/>
  <testcase name="testAddClientSuccess" classname="com.increff.pos.dto.ClientDtoTest" time="0.041"/>
</testsuite>